<?xml version="1.0" encoding="UTF-8"?>
<testng-results ignored="0" total="1" passed="1" failed="0" skipped="0">
  <reporter-output>
    <line>
      <![CDATA[<Test -->Default test Started]]>
    </line>
    <line>
      <![CDATA[[TestCase --searchId345tsxslferTestCase Started]]]>
    </line>
    <line>
      <![CDATA[[TestCase -- searchId345tsxslferTestCase Successful]]]>
    </line>
  </reporter-output>
  <suite started-at="2025-06-03T17:49:25 IST" name="Default suite" finished-at="2025-06-03T17:49:41 IST" duration-ms="15915">
    <groups>
    </groups>
    <test started-at="2025-06-03T17:49:25 IST" name="Default test" finished-at="2025-06-03T17:49:41 IST" duration-ms="15915">
      <class name="testPackage.TC_SearchId345tsxslfer_001_Test">
        <test-method is-config="true" signature="browserSetup()[pri:0, instance:testPackage.TC_SearchId345tsxslfer_001_Test@a1153bc]" started-at="2025-06-03T17:49:25 IST" name="browserSetup" finished-at="2025-06-03T17:49:35 IST" duration-ms="9990" status="PASS">
          <reporter-output>
          </reporter-output>
        </test-method> <!-- browserSetup -->
        <test-method signature="searchId345tsxslferTestCase()[pri:0, instance:testPackage.TC_SearchId345tsxslfer_001_Test@a1153bc]" started-at="2025-06-03T17:49:35 IST" name="searchId345tsxslferTestCase" finished-at="2025-06-03T17:49:40 IST" duration-ms="5036" status="PASS">
          <reporter-output>
            <line>
              <![CDATA[[TestCase --searchId345tsxslferTestCase Started]]]>
            </line>
            <line>
              <![CDATA[[TestCase -- searchId345tsxslferTestCase Successful]]]>
            </line>
          </reporter-output>
        </test-method> <!-- searchId345tsxslferTestCase -->
        <test-method is-config="true" signature="browserTearDown()[pri:0, instance:testPackage.TC_SearchId345tsxslfer_001_Test@a1153bc]" started-at="2025-06-03T17:49:40 IST" name="browserTearDown" finished-at="2025-06-03T17:49:41 IST" duration-ms="806" status="PASS">
          <reporter-output>
          </reporter-output>
        </test-method> <!-- browserTearDown -->
      </class> <!-- testPackage.TC_SearchId345tsxslfer_001_Test -->
    </test> <!-- Default test -->
  </suite> <!-- Default suite -->
</testng-results>
